c:\users\computer\source\repos\internetshop\internetshop\debug\internetshop.pch
c:\users\computer\source\repos\internetshop\internetshop\debug\vc141.pdb
c:\users\computer\source\repos\internetshop\internetshop\debug\vc141.idb
c:\users\computer\source\repos\internetshop\internetshop\debug\stdafx.obj
c:\users\computer\source\repos\internetshop\internetshop\debug\seller.obj
c:\users\computer\source\repos\internetshop\internetshop\debug\question.obj
c:\users\computer\source\repos\internetshop\internetshop\debug\product.obj
c:\users\computer\source\repos\internetshop\internetshop\debug\order.obj
c:\users\computer\source\repos\internetshop\internetshop\debug\customer.obj
c:\users\computer\source\repos\internetshop\internetshop\debug\administrator.obj
c:\users\computer\source\repos\internetshop\internetshop\debug\internetshop.obj
c:\users\computer\source\repos\internetshop\debug\internetshop.exe
c:\users\computer\source\repos\internetshop\debug\internetshop.ilk
c:\users\computer\source\repos\internetshop\debug\internetshop.pdb
c:\users\computer\source\repos\internetshop\internetshop\debug\internetshop.tlog\cl.command.1.tlog
c:\users\computer\source\repos\internetshop\internetshop\debug\internetshop.tlog\cl.read.1.tlog
c:\users\computer\source\repos\internetshop\internetshop\debug\internetshop.tlog\cl.write.1.tlog
c:\users\computer\source\repos\internetshop\internetshop\debug\internetshop.tlog\link.command.1.tlog
c:\users\computer\source\repos\internetshop\internetshop\debug\internetshop.tlog\link.read.1.tlog
c:\users\computer\source\repos\internetshop\internetshop\debug\internetshop.tlog\link.write.1.tlog
